<?xml version="1.0" encoding="UTF-8"?>
<!-- Generated by org.testng.reporters.JUnitXMLReporter -->
<testsuite ignored="0" hostname="WPRJAVANG" failures="1" tests="1" name="Surefire test" time="2.017" errors="0" timestamp="2026-06-09T10:14:36 IST">
  <testcase classname="io.cucumber.testng.AbstractTestNGCucumberTests" name="runScenario" time="0.247">
    <failure type="io.cucumber.testng.UndefinedStepException" message="The step &amp;apos;user open TutorialsNinja homepage&amp;apos; and 10 other step(s) are undefined.
You can implement these steps using the snippet(s) below:

@Given(&amp;quot;user open TutorialsNinja homepage&amp;quot;)
public void user_open_tutorials_ninja_homepage() {
    // Write code here that turns the phrase above into concrete actions
    throw new io.cucumber.java.PendingException();
}
@Given(&amp;quot;user open TutorialNinja registration page&amp;quot;)
public void user_open_tutorial_ninja_registration_page() {
    // Write code here that turns the phrase above into concrete actions
    throw new io.cucumber.java.PendingException();
}
@When(&amp;quot;user enter firstname {string}&amp;quot;)
public void user_enter_firstname(String string) {
    // Write code here that turns the phrase above into concrete actions
    throw new io.cucumber.java.PendingException();
}
@When(&amp;quot;user enter lastname {string}&amp;quot;)
public void user_enter_lastname(String string) {
    // Write code here that turns the phrase above into concrete actions
    throw new io.cucumber.java.PendingException();
}
@When(&amp;quot;user enter registration email {string}&amp;quot;)
public void user_enter_registration_email(String string) {
    // Write code here that turns the phrase above into concrete actions
    throw new io.cucumber.java.PendingException();
}
@When(&amp;quot;user enter telephone {string}&amp;quot;)
public void user_enter_telephone(String string) {
    // Write code here that turns the phrase above into concrete actions
    throw new io.cucumber.java.PendingException();
}
@When(&amp;quot;user enter registration password {string}&amp;quot;)
public void user_enter_registration_password(String string) {
    // Write code here that turns the phrase above into concrete actions
    throw new io.cucumber.java.PendingException();
}
@When(&amp;quot;user enter confirm password {string}&amp;quot;)
public void user_enter_confirm_password(String string) {
    // Write code here that turns the phrase above into concrete actions
    throw new io.cucumber.java.PendingException();
}
@When(&amp;quot;user click on privacy policy checkbox&amp;quot;)
public void user_click_on_privacy_policy_checkbox() {
    // Write code here that turns the phrase above into concrete actions
    throw new io.cucumber.java.PendingException();
}
@When(&amp;quot;user Click on continue button&amp;quot;)
public void user_click_on_continue_button() {
    // Write code here that turns the phrase above into concrete actions
    throw new io.cucumber.java.PendingException();
}
@Then(&amp;quot;registration execute successfully&amp;quot;)
public void registration_execute_successfully() {
    // Write code here that turns the phrase above into concrete actions
    throw new io.cucumber.java.PendingException();
}
">
      <![CDATA[io.cucumber.testng.UndefinedStepException: The step 'user open TutorialsNinja homepage' and 10 other step(s) are undefined.
You can implement these steps using the snippet(s) below:

@Given("user open TutorialsNinja homepage")
public void user_open_tutorials_ninja_homepage() {
    // Write code here that turns the phrase above into concrete actions
    throw new io.cucumber.java.PendingException();
}
@Given("user open TutorialNinja registration page")
public void user_open_tutorial_ninja_registration_page() {
    // Write code here that turns the phrase above into concrete actions
    throw new io.cucumber.java.PendingException();
}
@When("user enter firstname {string}")
public void user_enter_firstname(String string) {
    // Write code here that turns the phrase above into concrete actions
    throw new io.cucumber.java.PendingException();
}
@When("user enter lastname {string}")
public void user_enter_lastname(String string) {
    // Write code here that turns the phrase above into concrete actions
    throw new io.cucumber.java.PendingException();
}
@When("user enter registration email {string}")
public void user_enter_registration_email(String string) {
    // Write code here that turns the phrase above into concrete actions
    throw new io.cucumber.java.PendingException();
}
@When("user enter telephone {string}")
public void user_enter_telephone(String string) {
    // Write code here that turns the phrase above into concrete actions
    throw new io.cucumber.java.PendingException();
}
@When("user enter registration password {string}")
public void user_enter_registration_password(String string) {
    // Write code here that turns the phrase above into concrete actions
    throw new io.cucumber.java.PendingException();
}
@When("user enter confirm password {string}")
public void user_enter_confirm_password(String string) {
    // Write code here that turns the phrase above into concrete actions
    throw new io.cucumber.java.PendingException();
}
@When("user click on privacy policy checkbox")
public void user_click_on_privacy_policy_checkbox() {
    // Write code here that turns the phrase above into concrete actions
    throw new io.cucumber.java.PendingException();
}
@When("user Click on continue button")
public void user_click_on_continue_button() {
    // Write code here that turns the phrase above into concrete actions
    throw new io.cucumber.java.PendingException();
}
@Then("registration execute successfully")
public void registration_execute_successfully() {
    // Write code here that turns the phrase above into concrete actions
    throw new io.cucumber.java.PendingException();
}

at ✽.user open TutorialsNinja homepage(file:///C:/Users/wprjavanguser/eclipse-workspace/Cucumber_Selenium/src/test/resources/features/Login.feature:4)
]]>
    </failure>
  </testcase> <!-- runScenario -->
</testsuite> <!-- Surefire test -->
