<?xml version="1.0" encoding="UTF-8"?>
<testsuite xmlns:xsi="http://www.w3.org/2001/XMLSchema-instance" xsi:noNamespaceSchemaLocation="https://maven.apache.org/surefire/maven-surefire-plugin/xsd/surefire-test-report.xsd" version="3.0.2" name="Runner.TestRunner" time="11.214" tests="1" errors="0" skipped="0" failures="0">
  <properties>
[...]
</properties>
  <testcase name="runScenario[&quot;Verify registration&quot;, &quot;Verify eCommerce flow&quot;](1)" classname="Runner.TestRunner" time="9.182">
    <system-out><![CDATA[
@Smoke
&amp#27;[1mScenario Outline:&amp#27;[22m Verify registration                      &amp#27;[90m# src/test/resources/features/Login.feature:21&amp#27;[39m
  &amp#27;[32mâœ”&amp#27;[39m &amp#27;[32m&amp#27;[1mGiven &amp#27;[22muser open TutorialsNinja homepage&amp#27;[39m                &amp#27;[90m# StepDefinition.LoginStep.user_open_tutorials_ninja_homepage()&amp#27;[39m
  &amp#27;[32mâœ”&amp#27;[39m &amp#27;[32m&amp#27;[1mGiven &amp#27;[22muser open TutorialNinja registration page&amp#27;[39m        &amp#27;[90m# StepDefinition.LoginStep.user_open_tutorial_ninja_registration_page()&amp#27;[39m
  &amp#27;[32mâœ”&amp#27;[39m &amp#27;[32m&amp#27;[1mWhen &amp#27;[22muser enter firstname &amp#27;[1m"Ritika"&amp#27;[22m&amp#27;[39m                     &amp#27;[90m# StepDefinition.LoginStep.user_enter_firstname(java.lang.String)&amp#27;[39m
  &amp#27;[32mâœ”&amp#27;[39m &amp#27;[32m&amp#27;[1mAnd &amp#27;[22muser enter lastname &amp#27;[1m"Agrawal"&amp#27;[22m&amp#27;[39m                      &amp#27;[90m# StepDefinition.LoginStep.user_enter_lastname(java.lang.String)&amp#27;[39m
  &amp#27;[32mâœ”&amp#27;[39m &amp#27;[32m&amp#27;[1mAnd &amp#27;[22muser enter registration email &amp#27;[1m"ritika45@gmail.com"&amp#27;[22m&amp#27;[39m &amp#27;[90m# StepDefinition.LoginStep.user_enter_registration_email(java.lang.String)&amp#27;[39m
  &amp#27;[32mâœ”&amp#27;[39m &amp#27;[32m&amp#27;[1mAnd &amp#27;[22muser enter telephone &amp#27;[1m"1234567891"&amp#27;[22m&amp#27;[39m                  &amp#27;[90m# StepDefinition.LoginStep.user_enter_telephone(java.lang.String)&amp#27;[39m
  &amp#27;[32mâœ”&amp#27;[39m &amp#27;[32m&amp#27;[1mAnd &amp#27;[22muser enter registration password &amp#27;[1m"Test@123"&amp#27;[22m&amp#27;[39m        &amp#27;[90m# StepDefinition.LoginStep.user_enter_registration_password(java.lang.String)&amp#27;[39m
  &amp#27;[32mâœ”&amp#27;[39m &amp#27;[32m&amp#27;[1mAnd &amp#27;[22muser enter confirm password &amp#27;[1m"Test@123"&amp#27;[22m&amp#27;[39m             &amp#27;[90m# StepDefinition.LoginStep.user_enter_confirm_password(java.lang.String)&amp#27;[39m
  &amp#27;[32mâœ”&amp#27;[39m &amp#27;[32m&amp#27;[1mAnd &amp#27;[22muser click on privacy policy checkbox&amp#27;[39m              &amp#27;[90m# StepDefinition.LoginStep.user_click_on_privacy_policy_checkbox()&amp#27;[39m
  &amp#27;[32mâœ”&amp#27;[39m &amp#27;[32m&amp#27;[1mAnd &amp#27;[22muser Click on continue button&amp#27;[39m                      &amp#27;[90m# StepDefinition.LoginStep.user_click_on_continue_button()&amp#27;[39m
Registration Successful
  &amp#27;[32mâœ”&amp#27;[39m &amp#27;[32m&amp#27;[1mThen &amp#27;[22mregistration execute successfully&amp#27;[39m                 &amp#27;[90m# StepDefinition.LoginStep.registration_execute_successfully()&amp#27;[39m
]]></system-out>
    <system-err><![CDATA[SLF4J(W): No SLF4J providers were found.
SLF4J(W): Defaulting to no-operation (NOP) logger implementation
SLF4J(W): See https://www.slf4j.org/codes.html#noProviders for further details.
Jun 09, 2026 10:40:18 AM org.openqa.selenium.devtools.CdpVersionFinder findNearestMatch
WARNING: Unable to find an exact match for CDP version 149, returning the closest version; found: 148; Please update to a Selenium version that supports CDP version 149
]]></system-err>
  </testcase>
</testsuite>