<?xml version="1.0" encoding="UTF-8"?>
<testsuite xmlns:xsi="http://www.w3.org/2001/XMLSchema-instance" xsi:noNamespaceSchemaLocation="https://maven.apache.org/surefire/maven-surefire-plugin/xsd/surefire-test-report.xsd" version="3.0.2" name="Runner.TestRunner" time="3.219" tests="1" errors="0" skipped="0" failures="1">
  <properties>
[...]
</properties>
  <testcase name="runScenario[&quot;Verify registration&quot;, &quot;Verify eCommerce flow&quot;](1)" classname="Runner.TestRunner" time="0.292">
    <failure message="The step &apos;user open TutorialsNinja homepage&apos; and 10 other step(s) are undefined.&#10;You can implement these steps using the snippet(s) below:&#10;&#10;@Given(&quot;user open TutorialsNinja homepage&quot;)&#10;public void user_open_tutorials_ninja_homepage() {&#10;    // Write code here that turns the phrase above into concrete actions&#10;    throw new io.cucumber.java.PendingException();&#10;}&#10;@Given(&quot;user open TutorialNinja registration page&quot;)&#10;public void user_open_tutorial_ninja_registration_page() {&#10;    // Write code here that turns the phrase above into concrete actions&#10;    throw new io.cucumber.java.PendingException();&#10;}&#10;@When(&quot;user enter firstname {string}&quot;)&#10;public void user_enter_firstname(String string) {&#10;    // Write code here that turns the phrase above into concrete actions&#10;    throw new io.cucumber.java.PendingException();&#10;}&#10;@When(&quot;user enter lastname {string}&quot;)&#10;public void user_enter_lastname(String string) {&#10;    // Write code here that turns the phrase above into concrete actions&#10;    throw new io.cucumber.java.PendingException();&#10;}&#10;@When(&quot;user enter registration email {string}&quot;)&#10;public void user_enter_registration_email(String string) {&#10;    // Write code here that turns the phrase above into concrete actions&#10;    throw new io.cucumber.java.PendingException();&#10;}&#10;@When(&quot;user enter telephone {string}&quot;)&#10;public void user_enter_telephone(String string) {&#10;    // Write code here that turns the phrase above into concrete actions&#10;    throw new io.cucumber.java.PendingException();&#10;}&#10;@When(&quot;user enter registration password {string}&quot;)&#10;public void user_enter_registration_password(String string) {&#10;    // Write code here that turns the phrase above into concrete actions&#10;    throw new io.cucumber.java.PendingException();&#10;}&#10;@When(&quot;user enter confirm password {string}&quot;)&#10;public void user_enter_confirm_password(String string) {&#10;    // Write code here that turns the phrase above into concrete actions&#10;    throw new io.cucumber.java.PendingException();&#10;}&#10;@When(&quot;user click on privacy policy checkbox&quot;)&#10;public void user_click_on_privacy_policy_checkbox() {&#10;    // Write code here that turns the phrase above into concrete actions&#10;    throw new io.cucumber.java.PendingException();&#10;}&#10;@When(&quot;user Click on continue button&quot;)&#10;public void user_click_on_continue_button() {&#10;    // Write code here that turns the phrase above into concrete actions&#10;    throw new io.cucumber.java.PendingException();&#10;}&#10;@Then(&quot;registration execute successfully&quot;)&#10;public void registration_execute_successfully() {&#10;    // Write code here that turns the phrase above into concrete actions&#10;    throw new io.cucumber.java.PendingException();&#10;}&#10;" type="io.cucumber.testng.UndefinedStepException"><![CDATA[io.cucumber.testng.UndefinedStepException: 
The step 'user open TutorialsNinja homepage' and 10 other step(s) are undefined.
You can implement these steps using the snippet(s) below:

@Given("user open TutorialsNinja homepage")
public void user_open_tutorials_ninja_homepage() {
    // Write code here that turns the phrase above into concrete actions
    throw new io.cucumber.java.PendingException();
}
@Given("user open TutorialNinja registration page")
public void user_open_tutorial_ninja_registration_page() {
    // Write code here that turns the phrase above into concrete actions
    throw new io.cucumber.java.PendingException();
}
@When("user enter firstname {string}")
public void user_enter_firstname(String string) {
    // Write code here that turns the phrase above into concrete actions
    throw new io.cucumber.java.PendingException();
}
@When("user enter lastname {string}")
public void user_enter_lastname(String string) {
    // Write code here that turns the phrase above into concrete actions
    throw new io.cucumber.java.PendingException();
}
@When("user enter registration email {string}")
public void user_enter_registration_email(String string) {
    // Write code here that turns the phrase above into concrete actions
    throw new io.cucumber.java.PendingException();
}
@When("user enter telephone {string}")
public void user_enter_telephone(String string) {
    // Write code here that turns the phrase above into concrete actions
    throw new io.cucumber.java.PendingException();
}
@When("user enter registration password {string}")
public void user_enter_registration_password(String string) {
    // Write code here that turns the phrase above into concrete actions
    throw new io.cucumber.java.PendingException();
}
@When("user enter confirm password {string}")
public void user_enter_confirm_password(String string) {
    // Write code here that turns the phrase above into concrete actions
    throw new io.cucumber.java.PendingException();
}
@When("user click on privacy policy checkbox")
public void user_click_on_privacy_policy_checkbox() {
    // Write code here that turns the phrase above into concrete actions
    throw new io.cucumber.java.PendingException();
}
@When("user Click on continue button")
public void user_click_on_continue_button() {
    // Write code here that turns the phrase above into concrete actions
    throw new io.cucumber.java.PendingException();
}
@Then("registration execute successfully")
public void registration_execute_successfully() {
    // Write code here that turns the phrase above into concrete actions
    throw new io.cucumber.java.PendingException();
}

	at ✽.user open TutorialsNinja homepage(file:///C:/Users/wprjavanguser/eclipse-workspace/Cucumber_Selenium/src/test/resources/features/Login.feature:4)
]]></failure>
    <system-out><![CDATA[
@Smoke
&amp#27;[1mScenario Outline:&amp#27;[22m Verify registration                      &amp#27;[90m# src/test/resources/features/Login.feature:21&amp#27;[39m
  &amp#27;[33mâ– &amp#27;[39m &amp#27;[33m&amp#27;[1mGiven &amp#27;[22muser open TutorialsNinja homepage&amp#27;[39m
  &amp#27;[36mâ†·&amp#27;[39m &amp#27;[36m&amp#27;[1mGiven &amp#27;[22muser open TutorialNinja registration page&amp#27;[39m
  &amp#27;[36mâ†·&amp#27;[39m &amp#27;[36m&amp#27;[1mWhen &amp#27;[22muser enter firstname "Ritika"&amp#27;[39m
  &amp#27;[36mâ†·&amp#27;[39m &amp#27;[36m&amp#27;[1mAnd &amp#27;[22muser enter lastname "Agrawal"&amp#27;[39m
  &amp#27;[36mâ†·&amp#27;[39m &amp#27;[36m&amp#27;[1mAnd &amp#27;[22muser enter registration email "ritika12@gmail.com"&amp#27;[39m
  &amp#27;[36mâ†·&amp#27;[39m &amp#27;[36m&amp#27;[1mAnd &amp#27;[22muser enter telephone "1234567891"&amp#27;[39m
  &amp#27;[36mâ†·&amp#27;[39m &amp#27;[36m&amp#27;[1mAnd &amp#27;[22muser enter registration password "Test@123"&amp#27;[39m
  &amp#27;[36mâ†·&amp#27;[39m &amp#27;[36m&amp#27;[1mAnd &amp#27;[22muser enter confirm password "Test@123"&amp#27;[39m
  &amp#27;[36mâ†·&amp#27;[39m &amp#27;[36m&amp#27;[1mAnd &amp#27;[22muser click on privacy policy checkbox&amp#27;[39m
  &amp#27;[36mâ†·&amp#27;[39m &amp#27;[36m&amp#27;[1mAnd &amp#27;[22muser Click on continue button&amp#27;[39m
  &amp#27;[36mâ†·&amp#27;[39m &amp#27;[36m&amp#27;[1mThen &amp#27;[22mregistration execute successfully&amp#27;[39m
]]></system-out>
    <system-err><![CDATA[SLF4J(W): No SLF4J providers were found.
SLF4J(W): Defaulting to no-operation (NOP) logger implementation
SLF4J(W): See https://www.slf4j.org/codes.html#noProviders for further details.
]]></system-err>
  </testcase>
</testsuite>