<?xml version="1.0" encoding="UTF-8"?>
<testng-results ignored="0" total="1" passed="0" failed="1" skipped="0">
  <reporter-output>
  </reporter-output>
  <suite started-at="2026-06-09T10:14:34 IST" name="Surefire suite" finished-at="2026-06-09T10:14:36 IST" duration-ms="2017">
    <groups>
      <group name="cucumber">
        <method signature="AbstractTestNGCucumberTests.runScenario(io.cucumber.testng.PickleWrapper,io.cucumber.testng.FeatureWrapper)[pri:0, instance:Runner.TestRunner@1139b2f3]" name="runScenario" class="io.cucumber.testng.AbstractTestNGCucumberTests"/>
      </group> <!-- cucumber -->
    </groups>
    <test started-at="2026-06-09T10:14:34 IST" name="Surefire test" finished-at="2026-06-09T10:14:36 IST" duration-ms="2017">
      <class name="Runner.TestRunner">
        <test-method is-config="true" signature="setUpClass(org.testng.ITestContext)[pri:0, instance:Runner.TestRunner@1139b2f3]" started-at="2026-06-09T10:14:34 IST" name="setUpClass" finished-at="2026-06-09T10:14:35 IST" duration-ms="1613" status="PASS">
          <params>
            <param index="0">
              <value>
                <![CDATA[org.testng.TestRunner@319dead1]]>
              </value>
            </param>
          </params>
          <reporter-output>
          </reporter-output>
        </test-method> <!-- setUpClass -->
        <test-method signature="runScenario(io.cucumber.testng.PickleWrapper,io.cucumber.testng.FeatureWrapper)[pri:0, instance:Runner.TestRunner@1139b2f3]" started-at="2026-06-09T10:14:35 IST" name="runScenario" description="Runs Cucumber Scenarios" data-provider="scenarios" finished-at="2026-06-09T10:14:36 IST" duration-ms="247" status="FAIL">
          <params>
            <param index="0">
              <value>
                <![CDATA["Verify registration"]]>
              </value>
            </param>
            <param index="1">
              <value>
                <![CDATA["Verify eCommerce flow"]]>
              </value>
            </param>
          </params>
          <exception class="io.cucumber.testng.UndefinedStepException">
            <message>
              <![CDATA[The step 'user open TutorialsNinja homepage' and 10 other step(s) are undefined.
You can implement these steps using the snippet(s) below:

@Given("user open TutorialsNinja homepage")
public void user_open_tutorials_ninja_homepage() {
    // Write code here that turns the phrase above into concrete actions
    throw new io.cucumber.java.PendingException();
}
@Given("user open TutorialNinja registration page")
public void user_open_tutorial_ninja_registration_page() {
    // Write code here that turns the phrase above into concrete actions
    throw new io.cucumber.java.PendingException();
}
@When("user enter firstname {string}")
public void user_enter_firstname(String string) {
    // Write code here that turns the phrase above into concrete actions
    throw new io.cucumber.java.PendingException();
}
@When("user enter lastname {string}")
public void user_enter_lastname(String string) {
    // Write code here that turns the phrase above into concrete actions
    throw new io.cucumber.java.PendingException();
}
@When("user enter registration email {string}")
public void user_enter_registration_email(String string) {
    // Write code here that turns the phrase above into concrete actions
    throw new io.cucumber.java.PendingException();
}
@When("user enter telephone {string}")
public void user_enter_telephone(String string) {
    // Write code here that turns the phrase above into concrete actions
    throw new io.cucumber.java.PendingException();
}
@When("user enter registration password {string}")
public void user_enter_registration_password(String string) {
    // Write code here that turns the phrase above into concrete actions
    throw new io.cucumber.java.PendingException();
}
@When("user enter confirm password {string}")
public void user_enter_confirm_password(String string) {
    // Write code here that turns the phrase above into concrete actions
    throw new io.cucumber.java.PendingException();
}
@When("user click on privacy policy checkbox")
public void user_click_on_privacy_policy_checkbox() {
    // Write code here that turns the phrase above into concrete actions
    throw new io.cucumber.java.PendingException();
}
@When("user Click on continue button")
public void user_click_on_continue_button() {
    // Write code here that turns the phrase above into concrete actions
    throw new io.cucumber.java.PendingException();
}
@Then("registration execute successfully")
public void registration_execute_successfully() {
    // Write code here that turns the phrase above into concrete actions
    throw new io.cucumber.java.PendingException();
}
]]>
            </message>
            <full-stacktrace>
              <![CDATA[io.cucumber.testng.UndefinedStepException: The step 'user open TutorialsNinja homepage' and 10 other step(s) are undefined.
You can implement these steps using the snippet(s) below:

@Given("user open TutorialsNinja homepage")
public void user_open_tutorials_ninja_homepage() {
    // Write code here that turns the phrase above into concrete actions
    throw new io.cucumber.java.PendingException();
}
@Given("user open TutorialNinja registration page")
public void user_open_tutorial_ninja_registration_page() {
    // Write code here that turns the phrase above into concrete actions
    throw new io.cucumber.java.PendingException();
}
@When("user enter firstname {string}")
public void user_enter_firstname(String string) {
    // Write code here that turns the phrase above into concrete actions
    throw new io.cucumber.java.PendingException();
}
@When("user enter lastname {string}")
public void user_enter_lastname(String string) {
    // Write code here that turns the phrase above into concrete actions
    throw new io.cucumber.java.PendingException();
}
@When("user enter registration email {string}")
public void user_enter_registration_email(String string) {
    // Write code here that turns the phrase above into concrete actions
    throw new io.cucumber.java.PendingException();
}
@When("user enter telephone {string}")
public void user_enter_telephone(String string) {
    // Write code here that turns the phrase above into concrete actions
    throw new io.cucumber.java.PendingException();
}
@When("user enter registration password {string}")
public void user_enter_registration_password(String string) {
    // Write code here that turns the phrase above into concrete actions
    throw new io.cucumber.java.PendingException();
}
@When("user enter confirm password {string}")
public void user_enter_confirm_password(String string) {
    // Write code here that turns the phrase above into concrete actions
    throw new io.cucumber.java.PendingException();
}
@When("user click on privacy policy checkbox")
public void user_click_on_privacy_policy_checkbox() {
    // Write code here that turns the phrase above into concrete actions
    throw new io.cucumber.java.PendingException();
}
@When("user Click on continue button")
public void user_click_on_continue_button() {
    // Write code here that turns the phrase above into concrete actions
    throw new io.cucumber.java.PendingException();
}
@Then("registration execute successfully")
public void registration_execute_successfully() {
    // Write code here that turns the phrase above into concrete actions
    throw new io.cucumber.java.PendingException();
}

at ✽.user open TutorialsNinja homepage(file:///C:/Users/wprjavanguser/eclipse-workspace/Cucumber_Selenium/src/test/resources/features/Login.feature:4)
]]>
            </full-stacktrace>
          </exception> <!-- io.cucumber.testng.UndefinedStepException -->
          <reporter-output>
          </reporter-output>
        </test-method> <!-- runScenario -->
        <test-method is-config="true" signature="tearDownClass()[pri:0, instance:Runner.TestRunner@1139b2f3]" started-at="2026-06-09T10:14:36 IST" name="tearDownClass" finished-at="2026-06-09T10:14:36 IST" duration-ms="84" status="PASS">
          <reporter-output>
          </reporter-output>
        </test-method> <!-- tearDownClass -->
      </class> <!-- Runner.TestRunner -->
    </test> <!-- Surefire test -->
  </suite> <!-- Surefire suite -->
</testng-results>
