<?xml version="1.0" encoding="UTF-8"?>
<!-- Generated by org.testng.reporters.JUnitReportReporter -->
<testsuite hostname="WPRJAVANG" failures="0" tests="1" name="Runner.TestRunner" time="0.247" errors="1" timestamp="2026-06-09T10:14:36 IST" skipped="0">
  <testcase classname="Runner.TestRunner" name="runScenario" time="0.247">
    <error message="The step &#039;user open TutorialsNinja homepage&#039; and 10 other step(s) are undefined.
You can implement these steps using the snippet(s) below:

@Given(&quot;user open TutorialsNinja homepage&quot;)
public void user_open_tutorials_ninja_homepage() {
    // Write code here that turns the phrase above into concrete actions
    throw new io.cucumber.java.PendingException();
}
@Given(&quot;user open TutorialNinja registration page&quot;)
public void user_open_tutorial_ninja_registration_page() {
    // Write code here that turns the phrase above into concrete actions
    throw new io.cucumber.java.PendingException();
}
@When(&quot;user enter firstname {string}&quot;)
public void user_enter_firstname(String string) {
    // Write code here that turns the phrase above into concrete actions
    throw new io.cucumber.java.PendingException();
}
@When(&quot;user enter lastname {string}&quot;)
public void user_enter_lastname(String string) {
    // Write code here that turns the phrase above into concrete actions
    throw new io.cucumber.java.PendingException();
}
@When(&quot;user enter registration email {string}&quot;)
public void user_enter_registration_email(String string) {
    // Write code here that turns the phrase above into concrete actions
    throw new io.cucumber.java.PendingException();
}
@When(&quot;user enter telephone {string}&quot;)
public void user_enter_telephone(String string) {
    // Write code here that turns the phrase above into concrete actions
    throw new io.cucumber.java.PendingException();
}
@When(&quot;user enter registration password {string}&quot;)
public void user_enter_registration_password(String string) {
    // Write code here that turns the phrase above into concrete actions
    throw new io.cucumber.java.PendingException();
}
@When(&quot;user enter confirm password {string}&quot;)
public void user_enter_confirm_password(String string) {
    // Write code here that turns the phrase above into concrete actions
    throw new io.cucumber.java.PendingException();
}
@When(&quot;user click on privacy policy checkbox&quot;)
public void user_click_on_privacy_policy_checkbox() {
    // Write code here that turns the phrase above into concrete actions
    throw new io.cucumber.java.PendingException();
}
@When(&quot;user Click on continue button&quot;)
public void user_click_on_continue_button() {
    // Write code here that turns the phrase above into concrete actions
    throw new io.cucumber.java.PendingException();
}
@Then(&quot;registration execute successfully&quot;)
public void registration_execute_successfully() {
    // Write code here that turns the phrase above into concrete actions
    throw new io.cucumber.java.PendingException();
}
" type="io.cucumber.testng.UndefinedStepException">
      <![CDATA[io.cucumber.testng.UndefinedStepException: The step 'user open TutorialsNinja homepage' and 10 other step(s) are undefined.
You can implement these steps using the snippet(s) below:

@Given("user open TutorialsNinja homepage")
public void user_open_tutorials_ninja_homepage() {
    // Write code here that turns the phrase above into concrete actions
    throw new io.cucumber.java.PendingException();
}
@Given("user open TutorialNinja registration page")
public void user_open_tutorial_ninja_registration_page() {
    // Write code here that turns the phrase above into concrete actions
    throw new io.cucumber.java.PendingException();
}
@When("user enter firstname {string}")
public void user_enter_firstname(String string) {
    // Write code here that turns the phrase above into concrete actions
    throw new io.cucumber.java.PendingException();
}
@When("user enter lastname {string}")
public void user_enter_lastname(String string) {
    // Write code here that turns the phrase above into concrete actions
    throw new io.cucumber.java.PendingException();
}
@When("user enter registration email {string}")
public void user_enter_registration_email(String string) {
    // Write code here that turns the phrase above into concrete actions
    throw new io.cucumber.java.PendingException();
}
@When("user enter telephone {string}")
public void user_enter_telephone(String string) {
    // Write code here that turns the phrase above into concrete actions
    throw new io.cucumber.java.PendingException();
}
@When("user enter registration password {string}")
public void user_enter_registration_password(String string) {
    // Write code here that turns the phrase above into concrete actions
    throw new io.cucumber.java.PendingException();
}
@When("user enter confirm password {string}")
public void user_enter_confirm_password(String string) {
    // Write code here that turns the phrase above into concrete actions
    throw new io.cucumber.java.PendingException();
}
@When("user click on privacy policy checkbox")
public void user_click_on_privacy_policy_checkbox() {
    // Write code here that turns the phrase above into concrete actions
    throw new io.cucumber.java.PendingException();
}
@When("user Click on continue button")
public void user_click_on_continue_button() {
    // Write code here that turns the phrase above into concrete actions
    throw new io.cucumber.java.PendingException();
}
@Then("registration execute successfully")
public void registration_execute_successfully() {
    // Write code here that turns the phrase above into concrete actions
    throw new io.cucumber.java.PendingException();
}

at ✽.user open TutorialsNinja homepage(file:///C:/Users/wprjavanguser/eclipse-workspace/Cucumber_Selenium/src/test/resources/features/Login.feature:4)
]]>
    </error>
  </testcase> <!-- runScenario -->
</testsuite> <!-- Runner.TestRunner -->
